android/app/build/intermediates/manifest_merge_blame_file/release/manifest-merger-blame-release-report.txt
1<?xml version="1.0" encoding="utf-8"?>
2<manifest xmlns:android="http://schemas.android.com/apk/res/android"
3    package="com.hydroapp"
4    android:versionCode="1"
5    android:versionName="1.0" >
6
7    <uses-sdk
8        android:minSdkVersion="21"
8-->src/main/AndroidManifest.xml
9        android:targetSdkVersion="29" />
9-->src/main/AndroidManifest.xml
10
11    <uses-permission android:name="android.permission.INTERNET" />
11-->src/main/AndroidManifest.xml:4:5-67
11-->src/main/AndroidManifest.xml:4:22-64
12    <uses-permission android:name="android.permission.WAKE_LOCK" />
12-->src/main/AndroidManifest.xml:5:5-68
12-->src/main/AndroidManifest.xml:5:22-65
13
14    <permission
15        android:name="com.hydroapp.permission.C2D_MESSAGE"
15-->src/main/AndroidManifest.xml:7:5-59
16        android:protectionLevel="signature" />
16-->src/main/AndroidManifest.xml:8:5-40
17
18    <uses-permission android:name="com.hydroapp.permission.C2D_MESSAGE" />
18-->src/main/AndroidManifest.xml:9:20-74
19    <uses-permission android:name="android.permission.VIBRATE" />
19-->src/main/AndroidManifest.xml:10:3-64
19-->src/main/AndroidManifest.xml:10:20-61
20    <uses-permission android:name="android.permission.RECEIVE_BOOT_COMPLETED" />
20-->src/main/AndroidManifest.xml:11:3-78
20-->src/main/AndroidManifest.xml:11:20-76
21    <uses-permission android:name="android.permission.ACCESS_NETWORK_STATE" /> <!-- Required by older versions of Google Play services to create IID tokens -->
21-->[:react-native-firebase_auth] AndroidManifest.xml:13:5-79
21-->[:react-native-firebase_auth] AndroidManifest.xml:13:22-76
22    <uses-permission android:name="com.google.android.c2dm.permission.RECEIVE" />
22-->[com.google.firebase:firebase-iid:21.0.1] AndroidManifest.xml:26:5-82
22-->[com.google.firebase:firebase-iid:21.0.1] AndroidManifest.xml:26:22-79
23    <uses-permission android:name="com.google.android.finsky.permission.BIND_GET_INSTALL_REFERRER_SERVICE" /> <!-- for android -->
23-->[com.google.android.gms:play-services-measurement:18.0.2] AndroidManifest.xml:26:5-110
23-->[com.google.android.gms:play-services-measurement:18.0.2] AndroidManifest.xml:26:22-107
24    <!-- <uses-permission android:name="com.android.launcher.permission.READ_SETTINGS"/> -->
25    <!-- <uses-permission android:name="com.android.launcher.permission.WRITE_SETTINGS"/> -->
26    <!-- <uses-permission android:name="com.android.launcher.permission.INSTALL_SHORTCUT" /> -->
27    <!-- <uses-permission android:name="com.android.launcher.permission.UNINSTALL_SHORTCUT" /> -->
28    <!-- for Samsung -->
29    <uses-permission android:name="com.sec.android.provider.badge.permission.READ" />
29-->[me.leolin:ShortcutBadger:1.1.22] AndroidManifest.xml:19:5-86
29-->[me.leolin:ShortcutBadger:1.1.22] AndroidManifest.xml:19:22-83
30    <uses-permission android:name="com.sec.android.provider.badge.permission.WRITE" /> <!-- for htc -->
30-->[me.leolin:ShortcutBadger:1.1.22] AndroidManifest.xml:20:5-87
30-->[me.leolin:ShortcutBadger:1.1.22] AndroidManifest.xml:20:22-84
31    <uses-permission android:name="com.htc.launcher.permission.READ_SETTINGS" />
31-->[me.leolin:ShortcutBadger:1.1.22] AndroidManifest.xml:23:5-81
31-->[me.leolin:ShortcutBadger:1.1.22] AndroidManifest.xml:23:22-78
32    <uses-permission android:name="com.htc.launcher.permission.UPDATE_SHORTCUT" /> <!-- for sony -->
32-->[me.leolin:ShortcutBadger:1.1.22] AndroidManifest.xml:24:5-83
32-->[me.leolin:ShortcutBadger:1.1.22] AndroidManifest.xml:24:22-80
33    <uses-permission android:name="com.sonyericsson.home.permission.BROADCAST_BADGE" />
33-->[me.leolin:ShortcutBadger:1.1.22] AndroidManifest.xml:27:5-88
33-->[me.leolin:ShortcutBadger:1.1.22] AndroidManifest.xml:27:22-85
34    <uses-permission android:name="com.sonymobile.home.permission.PROVIDER_INSERT_BADGE" /> <!-- for apex -->
34-->[me.leolin:ShortcutBadger:1.1.22] AndroidManifest.xml:28:5-92
34-->[me.leolin:ShortcutBadger:1.1.22] AndroidManifest.xml:28:22-89
35    <uses-permission android:name="com.anddoes.launcher.permission.UPDATE_COUNT" /> <!-- for solid -->
35-->[me.leolin:ShortcutBadger:1.1.22] AndroidManifest.xml:31:5-84
35-->[me.leolin:ShortcutBadger:1.1.22] AndroidManifest.xml:31:22-81
36    <uses-permission android:name="com.majeur.launcher.permission.UPDATE_BADGE" /> <!-- for huawei -->
36-->[me.leolin:ShortcutBadger:1.1.22] AndroidManifest.xml:34:5-83
36-->[me.leolin:ShortcutBadger:1.1.22] AndroidManifest.xml:34:22-80
37    <uses-permission android:name="com.huawei.android.launcher.permission.CHANGE_BADGE" />
37-->[me.leolin:ShortcutBadger:1.1.22] AndroidManifest.xml:37:5-91
37-->[me.leolin:ShortcutBadger:1.1.22] AndroidManifest.xml:37:22-88
38    <uses-permission android:name="com.huawei.android.launcher.permission.READ_SETTINGS" />
38-->[me.leolin:ShortcutBadger:1.1.22] AndroidManifest.xml:38:5-92
38-->[me.leolin:ShortcutBadger:1.1.22] AndroidManifest.xml:38:22-89
39    <uses-permission android:name="com.huawei.android.launcher.permission.WRITE_SETTINGS" /> <!-- for ZUK -->
39-->[me.leolin:ShortcutBadger:1.1.22] AndroidManifest.xml:39:5-93
39-->[me.leolin:ShortcutBadger:1.1.22] AndroidManifest.xml:39:22-90
40    <uses-permission android:name="android.permission.READ_APP_BADGE" /> <!-- for OPPO -->
40-->[me.leolin:ShortcutBadger:1.1.22] AndroidManifest.xml:42:5-73
40-->[me.leolin:ShortcutBadger:1.1.22] AndroidManifest.xml:42:22-70
41    <uses-permission android:name="com.oppo.launcher.permission.READ_SETTINGS" />
41-->[me.leolin:ShortcutBadger:1.1.22] AndroidManifest.xml:45:5-82
41-->[me.leolin:ShortcutBadger:1.1.22] AndroidManifest.xml:45:22-79
42    <uses-permission android:name="com.oppo.launcher.permission.WRITE_SETTINGS" /> <!-- for EvMe -->
42-->[me.leolin:ShortcutBadger:1.1.22] AndroidManifest.xml:46:5-83
42-->[me.leolin:ShortcutBadger:1.1.22] AndroidManifest.xml:46:22-80
43    <uses-permission android:name="me.everything.badger.permission.BADGE_COUNT_READ" />
43-->[me.leolin:ShortcutBadger:1.1.22] AndroidManifest.xml:49:5-88
43-->[me.leolin:ShortcutBadger:1.1.22] AndroidManifest.xml:49:22-85
44    <uses-permission android:name="me.everything.badger.permission.BADGE_COUNT_WRITE" />
44-->[me.leolin:ShortcutBadger:1.1.22] AndroidManifest.xml:50:5-89
44-->[me.leolin:ShortcutBadger:1.1.22] AndroidManifest.xml:50:22-86
45
46    <application
46-->src/main/AndroidManifest.xml:13:5-70:19
47        android:name="com.hydroapp.MainApplication"
47-->src/main/AndroidManifest.xml:14:7-38
48        android:allowBackup="false"
48-->src/main/AndroidManifest.xml:18:7-34
49        android:appComponentFactory="androidx.core.app.CoreComponentFactory"
49-->[androidx.core:core:1.1.0] AndroidManifest.xml:24:18-86
50        android:icon="@mipmap/ic_launcher"
50-->src/main/AndroidManifest.xml:16:7-41
51        android:label="@string/app_name"
51-->src/main/AndroidManifest.xml:15:7-39
52        android:roundIcon="@mipmap/ic_launcher_round"
52-->src/main/AndroidManifest.xml:17:7-52
53        android:theme="@style/AppTheme" >
53-->src/main/AndroidManifest.xml:19:7-38
54        <meta-data
54-->src/main/AndroidManifest.xml:21:1-22:44
55            android:name="com.dieam.reactnativepushnotification.notification_foreground"
55-->src/main/AndroidManifest.xml:21:13-89
56            android:value="false" />
56-->src/main/AndroidManifest.xml:22:21-42
57        <meta-data
57-->src/main/AndroidManifest.xml:24:7-25:58
58            android:name="com.dieam.reactnativepushnotification.notification_color"
58-->src/main/AndroidManifest.xml:24:19-90
59            android:resource="@android:color/white" />
59-->src/main/AndroidManifest.xml:25:17-56
60
61        <receiver
61-->src/main/AndroidManifest.xml:27:1-35:12
62            android:name="com.google.android.gms.gcm.GcmReceiver"
62-->src/main/AndroidManifest.xml:28:3-56
63            android:exported="true"
63-->src/main/AndroidManifest.xml:29:3-26
64            android:permission="com.google.android.c2dm.permission.SEND" >
64-->src/main/AndroidManifest.xml:30:3-63
65            <intent-filter>
65-->src/main/AndroidManifest.xml:31:4-34:20
66                <action android:name="com.google.android.c2dm.intent.RECEIVE" />
66-->src/main/AndroidManifest.xml:32:6-70
66-->src/main/AndroidManifest.xml:32:14-67
67
68                <category android:name="com.hydroapp" />
68-->src/main/AndroidManifest.xml:33:16-47
69            </intent-filter>
70        </receiver>
71        <receiver android:name="com.dieam.reactnativepushnotification.modules.RNPushNotificationActions" />
71-->src/main/AndroidManifest.xml:37:2-101
71-->src/main/AndroidManifest.xml:37:12-98
72        <receiver android:name="com.dieam.reactnativepushnotification.modules.RNPushNotificationPublisher" />
72-->src/main/AndroidManifest.xml:38:1-102
72-->src/main/AndroidManifest.xml:38:11-99
73        <receiver android:name="com.dieam.reactnativepushnotification.modules.RNPushNotificationBootEventReceiver" >
73-->src/main/AndroidManifest.xml:39:1-46:12
73-->src/main/AndroidManifest.xml:39:11-107
74            <intent-filter>
74-->src/main/AndroidManifest.xml:41:4-45:20
75                <action android:name="android.intent.action.BOOT_COMPLETED" />
75-->src/main/AndroidManifest.xml:42:6-68
75-->src/main/AndroidManifest.xml:42:14-65
76                <action android:name="android.intent.action.QUICKBOOT_POWERON" />
76-->src/main/AndroidManifest.xml:43:7-72
76-->src/main/AndroidManifest.xml:43:15-69
77                <action android:name="com.htc.intent.action.QUICKBOOT_POWERON" />
77-->src/main/AndroidManifest.xml:44:7-71
77-->src/main/AndroidManifest.xml:44:15-69
78            </intent-filter>
79        </receiver>
80
81        <service android:name="com.dieam.reactnativepushnotification.modules.RNPushNotificationRegistrationService" />
81-->src/main/AndroidManifest.xml:47:1-110
81-->src/main/AndroidManifest.xml:47:10-108
82        <service
82-->src/main/AndroidManifest.xml:49:1-55:11
83            android:name="com.dieam.reactnativepushnotification.modules.RNPushNotificationListenerServiceGcm"
83-->src/main/AndroidManifest.xml:50:3-100
84            android:exported="false" >
84-->src/main/AndroidManifest.xml:51:3-27
85            <intent-filter>
85-->src/main/AndroidManifest.xml:52:5-54:21
86                <action android:name="com.google.android.c2dm.intent.RECEIVE" />
86-->src/main/AndroidManifest.xml:32:6-70
86-->src/main/AndroidManifest.xml:32:14-67
87            </intent-filter>
88        </service>
89
90        <meta-data
90-->src/main/AndroidManifest.xml:57:1-139
91            android:name="com.dieam.reactnativepushnotification.notification_channel_name"
91-->src/main/AndroidManifest.xml:57:12-90
92            android:value="YOUR NOTIFICATION CHANNEL NAME" />
92-->src/main/AndroidManifest.xml:57:91-137
93        <meta-data
93-->src/main/AndroidManifest.xml:58:1-153
94            android:name="com.dieam.reactnativepushnotification.notification_channel_description"
94-->src/main/AndroidManifest.xml:58:12-97
95            android:value="YOUR NOTIFICATION CHANNEL DESCRIPTION" />
95-->src/main/AndroidManifest.xml:58:98-151
96
97        <activity
97-->src/main/AndroidManifest.xml:59:7-69:18
98            android:name="com.hydroapp.MainActivity"
98-->src/main/AndroidManifest.xml:60:9-37
99            android:configChanges="keyboard|keyboardHidden|orientation|screenSize|uiMode"
99-->src/main/AndroidManifest.xml:62:9-86
100            android:label="@string/app_name"
100-->src/main/AndroidManifest.xml:61:9-41
101            android:launchMode="singleTask"
101-->src/main/AndroidManifest.xml:63:9-40
102            android:windowSoftInputMode="adjustResize" >
102-->src/main/AndroidManifest.xml:64:9-51
103            <intent-filter>
103-->src/main/AndroidManifest.xml:65:9-68:25
104                <action android:name="android.intent.action.MAIN" />
104-->src/main/AndroidManifest.xml:66:13-65
104-->src/main/AndroidManifest.xml:66:21-62
105
106                <category android:name="android.intent.category.LAUNCHER" />
106-->src/main/AndroidManifest.xml:67:13-73
106-->src/main/AndroidManifest.xml:67:23-70
107            </intent-filter>
108        </activity>
109        <!--
110             FirebaseMessagingService performs security checks at runtime,
111             but set to not exported to explicitly avoid allowing another app to call it.
112        -->
113        <service
113-->[com.google.firebase:firebase-messaging:21.0.1] AndroidManifest.xml:28:9-35:19
114            android:name="com.google.firebase.messaging.FirebaseMessagingService"
114-->[com.google.firebase:firebase-messaging:21.0.1] AndroidManifest.xml:29:13-82
115            android:directBootAware="true"
115-->[com.google.firebase:firebase-messaging:21.0.1] AndroidManifest.xml:30:13-43
116            android:exported="false" >
116-->[com.google.firebase:firebase-messaging:21.0.1] AndroidManifest.xml:31:13-37
117            <intent-filter android:priority="-500" >
117-->[com.google.firebase:firebase-messaging:21.0.1] AndroidManifest.xml:32:13-34:29
117-->[com.google.firebase:firebase-messaging:21.0.1] AndroidManifest.xml:32:28-51
118                <action android:name="com.google.firebase.MESSAGING_EVENT" />
118-->[com.google.firebase:firebase-messaging:21.0.1] AndroidManifest.xml:33:17-78
118-->[com.google.firebase:firebase-messaging:21.0.1] AndroidManifest.xml:33:25-75
119            </intent-filter>
120        </service>
121        <service
121-->[com.google.firebase:firebase-messaging:21.0.1] AndroidManifest.xml:36:9-42:19
122            android:name="com.google.firebase.components.ComponentDiscoveryService"
122-->[com.google.firebase:firebase-messaging:21.0.1] AndroidManifest.xml:37:13-84
123            android:directBootAware="true"
123-->[com.google.firebase:firebase-common:19.5.0] AndroidManifest.xml:35:13-43
124            android:exported="false" >
124-->[com.google.firebase:firebase-messaging:21.0.1] AndroidManifest.xml:38:13-37
125            <meta-data
125-->[com.google.firebase:firebase-messaging:21.0.1] AndroidManifest.xml:39:13-41:85
126                android:name="com.google.firebase.components:com.google.firebase.messaging.FirebaseMessagingRegistrar"
126-->[com.google.firebase:firebase-messaging:21.0.1] AndroidManifest.xml:40:17-119
127                android:value="com.google.firebase.components.ComponentRegistrar" />
127-->[com.google.firebase:firebase-messaging:21.0.1] AndroidManifest.xml:41:17-82
128            <meta-data
128-->[com.google.firebase:firebase-datatransport:17.0.10] AndroidManifest.xml:28:13-30:85
129                android:name="com.google.firebase.components:com.google.firebase.datatransport.TransportRegistrar"
129-->[com.google.firebase:firebase-datatransport:17.0.10] AndroidManifest.xml:29:17-115
130                android:value="com.google.firebase.components.ComponentRegistrar" />
130-->[com.google.firebase:firebase-datatransport:17.0.10] AndroidManifest.xml:30:17-82
131            <meta-data
131-->[com.google.firebase:firebase-firestore:22.1.2] AndroidManifest.xml:20:13-22:85
132                android:name="com.google.firebase.components:com.google.firebase.firestore.FirestoreRegistrar"
132-->[com.google.firebase:firebase-firestore:22.1.2] AndroidManifest.xml:21:17-111
133                android:value="com.google.firebase.components.ComponentRegistrar" />
133-->[com.google.firebase:firebase-firestore:22.1.2] AndroidManifest.xml:22:17-82
134            <meta-data
134-->[com.google.firebase:firebase-auth:20.0.3] AndroidManifest.xml:77:13-79:85
135                android:name="com.google.firebase.components:com.google.firebase.auth.FirebaseAuthRegistrar"
135-->[com.google.firebase:firebase-auth:20.0.3] AndroidManifest.xml:78:17-109
136                android:value="com.google.firebase.components.ComponentRegistrar" />
136-->[com.google.firebase:firebase-auth:20.0.3] AndroidManifest.xml:79:17-82
137            <meta-data
137-->[com.google.firebase:firebase-iid:21.0.1] AndroidManifest.xml:32:13-34:85
138                android:name="com.google.firebase.components:com.google.firebase.iid.Registrar"
138-->[com.google.firebase:firebase-iid:21.0.1] AndroidManifest.xml:33:17-96
139                android:value="com.google.firebase.components.ComponentRegistrar" />
139-->[com.google.firebase:firebase-iid:21.0.1] AndroidManifest.xml:34:17-82
140            <meta-data
140-->[com.google.android.gms:play-services-measurement-api:18.0.2] AndroidManifest.xml:30:13-32:85
141                android:name="com.google.firebase.components:com.google.firebase.analytics.connector.internal.AnalyticsConnectorRegistrar"
141-->[com.google.android.gms:play-services-measurement-api:18.0.2] AndroidManifest.xml:31:17-139
142                android:value="com.google.firebase.components.ComponentRegistrar" />
142-->[com.google.android.gms:play-services-measurement-api:18.0.2] AndroidManifest.xml:32:17-82
143            <meta-data
143-->[com.google.firebase:firebase-installations:16.3.5] AndroidManifest.xml:18:13-20:85
144                android:name="com.google.firebase.components:com.google.firebase.installations.FirebaseInstallationsRegistrar"
144-->[com.google.firebase:firebase-installations:16.3.5] AndroidManifest.xml:19:17-127
145                android:value="com.google.firebase.components.ComponentRegistrar" />
145-->[com.google.firebase:firebase-installations:16.3.5] AndroidManifest.xml:20:17-82
146            <!--
147                This registrar is not defined in the dynamic-module-support sdk itself to allow non-firebase
148                clients to use it as well, by defining this registrar in their own core/common library.
149            -->
150            <meta-data
150-->[com.google.firebase:firebase-common:19.5.0] AndroidManifest.xml:43:13-45:85
151                android:name="com.google.firebase.components:com.google.firebase.dynamicloading.DynamicLoadingRegistrar"
151-->[com.google.firebase:firebase-common:19.5.0] AndroidManifest.xml:44:17-121
152                android:value="com.google.firebase.components.ComponentRegistrar" />
152-->[com.google.firebase:firebase-common:19.5.0] AndroidManifest.xml:45:17-82
153        </service>
154        <service
154-->[com.google.android.datatransport:transport-backend-cct:2.3.3] AndroidManifest.xml:29:9-35:19
155            android:name="com.google.android.datatransport.runtime.backends.TransportBackendDiscovery"
155-->[com.google.android.datatransport:transport-backend-cct:2.3.3] AndroidManifest.xml:30:13-103
156            android:exported="false" >
156-->[com.google.android.datatransport:transport-backend-cct:2.3.3] AndroidManifest.xml:31:13-37
157            <meta-data
157-->[com.google.android.datatransport:transport-backend-cct:2.3.3] AndroidManifest.xml:32:13-34:39
158                android:name="backend:com.google.android.datatransport.cct.CctBackendFactory"
158-->[com.google.android.datatransport:transport-backend-cct:2.3.3] AndroidManifest.xml:33:17-94
159                android:value="cct" />
159-->[com.google.android.datatransport:transport-backend-cct:2.3.3] AndroidManifest.xml:34:17-36
160        </service>
161        <service
161-->[com.google.android.datatransport:transport-runtime:2.2.5] AndroidManifest.xml:26:9-30:19
162            android:name="com.google.android.datatransport.runtime.scheduling.jobscheduling.JobInfoSchedulerService"
162-->[com.google.android.datatransport:transport-runtime:2.2.5] AndroidManifest.xml:27:13-117
163            android:exported="false"
163-->[com.google.android.datatransport:transport-runtime:2.2.5] AndroidManifest.xml:28:13-37
164            android:permission="android.permission.BIND_JOB_SERVICE" >
164-->[com.google.android.datatransport:transport-runtime:2.2.5] AndroidManifest.xml:29:13-69
165        </service>
166
167        <receiver
167-->[com.google.android.datatransport:transport-runtime:2.2.5] AndroidManifest.xml:32:9-34:40
168            android:name="com.google.android.datatransport.runtime.scheduling.jobscheduling.AlarmManagerSchedulerBroadcastReceiver"
168-->[com.google.android.datatransport:transport-runtime:2.2.5] AndroidManifest.xml:33:13-132
169            android:exported="false" />
169-->[com.google.android.datatransport:transport-runtime:2.2.5] AndroidManifest.xml:34:13-37
170
171        <activity
171-->[com.google.android.gms:play-services-auth:19.0.0] AndroidManifest.xml:23:9-27:75
172            android:name="com.google.android.gms.auth.api.signin.internal.SignInHubActivity"
172-->[com.google.android.gms:play-services-auth:19.0.0] AndroidManifest.xml:24:13-93
173            android:excludeFromRecents="true"
173-->[com.google.android.gms:play-services-auth:19.0.0] AndroidManifest.xml:25:13-46
174            android:exported="false"
174-->[com.google.android.gms:play-services-auth:19.0.0] AndroidManifest.xml:26:13-37
175            android:theme="@android:style/Theme.Translucent.NoTitleBar" />
175-->[com.google.android.gms:play-services-auth:19.0.0] AndroidManifest.xml:27:13-72
176        <!--
177            Service handling Google Sign-In user revocation. For apps that do not integrate with
178            Google Sign-In, this service will never be started.
179        -->
180        <service
180-->[com.google.android.gms:play-services-auth:19.0.0] AndroidManifest.xml:33:9-37:51
181            android:name="com.google.android.gms.auth.api.signin.RevocationBoundService"
181-->[com.google.android.gms:play-services-auth:19.0.0] AndroidManifest.xml:34:13-89
182            android:exported="true"
182-->[com.google.android.gms:play-services-auth:19.0.0] AndroidManifest.xml:35:13-36
183            android:permission="com.google.android.gms.auth.api.signin.permission.REVOCATION_NOTIFICATION"
183-->[com.google.android.gms:play-services-auth:19.0.0] AndroidManifest.xml:36:13-107
184            android:visibleToInstantApps="true" />
184-->[com.google.android.gms:play-services-auth:19.0.0] AndroidManifest.xml:37:13-48
185
186        <activity
186-->[com.google.firebase:firebase-auth:20.0.3] AndroidManifest.xml:27:9-44:20
187            android:name="com.google.firebase.auth.internal.GenericIdpActivity"
187-->[com.google.firebase:firebase-auth:20.0.3] AndroidManifest.xml:28:13-80
188            android:excludeFromRecents="true"
188-->[com.google.firebase:firebase-auth:20.0.3] AndroidManifest.xml:29:13-46
189            android:exported="true"
189-->[com.google.firebase:firebase-auth:20.0.3] AndroidManifest.xml:30:13-36
190            android:launchMode="singleTask"
190-->[com.google.firebase:firebase-auth:20.0.3] AndroidManifest.xml:31:13-44
191            android:theme="@android:style/Theme.Translucent.NoTitleBar" >
191-->[com.google.firebase:firebase-auth:20.0.3] AndroidManifest.xml:32:13-72
192            <intent-filter>
192-->[com.google.firebase:firebase-auth:20.0.3] AndroidManifest.xml:33:13-43:29
193                <action android:name="android.intent.action.VIEW" />
193-->[com.google.firebase:firebase-auth:20.0.3] AndroidManifest.xml:34:17-69
193-->[com.google.firebase:firebase-auth:20.0.3] AndroidManifest.xml:34:25-66
194
195                <category android:name="android.intent.category.DEFAULT" />
195-->[com.google.firebase:firebase-auth:20.0.3] AndroidManifest.xml:36:17-76
195-->[com.google.firebase:firebase-auth:20.0.3] AndroidManifest.xml:36:27-73
196                <category android:name="android.intent.category.BROWSABLE" />
196-->[com.google.firebase:firebase-auth:20.0.3] AndroidManifest.xml:37:17-78
196-->[com.google.firebase:firebase-auth:20.0.3] AndroidManifest.xml:37:27-75
197
198                <data
198-->[com.google.firebase:firebase-auth:20.0.3] AndroidManifest.xml:39:17-42:51
199                    android:host="firebase.auth"
199-->[com.google.firebase:firebase-auth:20.0.3] AndroidManifest.xml:40:21-49
200                    android:path="/"
200-->[com.google.firebase:firebase-auth:20.0.3] AndroidManifest.xml:41:21-37
201                    android:scheme="genericidp" />
201-->[com.google.firebase:firebase-auth:20.0.3] AndroidManifest.xml:42:21-48
202            </intent-filter>
203        </activity>
204        <activity
204-->[com.google.firebase:firebase-auth:20.0.3] AndroidManifest.xml:45:9-62:20
205            android:name="com.google.firebase.auth.internal.RecaptchaActivity"
205-->[com.google.firebase:firebase-auth:20.0.3] AndroidManifest.xml:46:13-79
206            android:excludeFromRecents="true"
206-->[com.google.firebase:firebase-auth:20.0.3] AndroidManifest.xml:47:13-46
207            android:exported="true"
207-->[com.google.firebase:firebase-auth:20.0.3] AndroidManifest.xml:48:13-36
208            android:launchMode="singleTask"
208-->[com.google.firebase:firebase-auth:20.0.3] AndroidManifest.xml:49:13-44
209            android:theme="@android:style/Theme.Translucent.NoTitleBar" >
209-->[com.google.firebase:firebase-auth:20.0.3] AndroidManifest.xml:50:13-72
210            <intent-filter>
210-->[com.google.firebase:firebase-auth:20.0.3] AndroidManifest.xml:51:13-61:29
211                <action android:name="android.intent.action.VIEW" />
211-->[com.google.firebase:firebase-auth:20.0.3] AndroidManifest.xml:34:17-69
211-->[com.google.firebase:firebase-auth:20.0.3] AndroidManifest.xml:34:25-66
212
213                <category android:name="android.intent.category.DEFAULT" />
213-->[com.google.firebase:firebase-auth:20.0.3] AndroidManifest.xml:36:17-76
213-->[com.google.firebase:firebase-auth:20.0.3] AndroidManifest.xml:36:27-73
214                <category android:name="android.intent.category.BROWSABLE" />
214-->[com.google.firebase:firebase-auth:20.0.3] AndroidManifest.xml:37:17-78
214-->[com.google.firebase:firebase-auth:20.0.3] AndroidManifest.xml:37:27-75
215
216                <data
216-->[com.google.firebase:firebase-auth:20.0.3] AndroidManifest.xml:39:17-42:51
217                    android:host="firebase.auth"
217-->[com.google.firebase:firebase-auth:20.0.3] AndroidManifest.xml:40:21-49
218                    android:path="/"
218-->[com.google.firebase:firebase-auth:20.0.3] AndroidManifest.xml:41:21-37
219                    android:scheme="recaptcha" />
219-->[com.google.firebase:firebase-auth:20.0.3] AndroidManifest.xml:42:21-48
220            </intent-filter>
221        </activity>
222
223        <service
223-->[com.google.firebase:firebase-auth:20.0.3] AndroidManifest.xml:64:9-73:19
224            android:name="com.google.firebase.auth.api.fallback.service.FirebaseAuthFallbackService"
224-->[com.google.firebase:firebase-auth:20.0.3] AndroidManifest.xml:65:13-101
225            android:enabled="true"
225-->[com.google.firebase:firebase-auth:20.0.3] AndroidManifest.xml:66:13-35
226            android:exported="false" >
226-->[com.google.firebase:firebase-auth:20.0.3] AndroidManifest.xml:67:13-37
227            <intent-filter>
227-->[com.google.firebase:firebase-auth:20.0.3] AndroidManifest.xml:68:13-72:29
228                <action android:name="com.google.firebase.auth.api.gms.service.START" />
228-->[com.google.firebase:firebase-auth:20.0.3] AndroidManifest.xml:69:17-89
228-->[com.google.firebase:firebase-auth:20.0.3] AndroidManifest.xml:69:25-86
229
230                <category android:name="android.intent.category.DEFAULT" />
230-->[com.google.firebase:firebase-auth:20.0.3] AndroidManifest.xml:36:17-76
230-->[com.google.firebase:firebase-auth:20.0.3] AndroidManifest.xml:36:27-73
231            </intent-filter>
232        </service>
233
234        <receiver
234-->[com.google.firebase:firebase-iid:21.0.1] AndroidManifest.xml:37:9-44:20
235            android:name="com.google.firebase.iid.FirebaseInstanceIdReceiver"
235-->[com.google.firebase:firebase-iid:21.0.1] AndroidManifest.xml:38:13-78
236            android:exported="true"
236-->[com.google.firebase:firebase-iid:21.0.1] AndroidManifest.xml:39:13-36
237            android:permission="com.google.android.c2dm.permission.SEND" >
237-->[com.google.firebase:firebase-iid:21.0.1] AndroidManifest.xml:40:13-73
238            <intent-filter>
238-->src/main/AndroidManifest.xml:52:5-54:21
239                <action android:name="com.google.android.c2dm.intent.RECEIVE" />
239-->src/main/AndroidManifest.xml:32:6-70
239-->src/main/AndroidManifest.xml:32:14-67
240            </intent-filter>
241        </receiver>
242        <receiver
242-->[com.google.android.gms:play-services-measurement:18.0.2] AndroidManifest.xml:29:9-33:20
243            android:name="com.google.android.gms.measurement.AppMeasurementReceiver"
243-->[com.google.android.gms:play-services-measurement:18.0.2] AndroidManifest.xml:30:13-85
244            android:enabled="true"
244-->[com.google.android.gms:play-services-measurement:18.0.2] AndroidManifest.xml:31:13-35
245            android:exported="false" >
245-->[com.google.android.gms:play-services-measurement:18.0.2] AndroidManifest.xml:32:13-37
246        </receiver>
247
248        <service
248-->[com.google.android.gms:play-services-measurement:18.0.2] AndroidManifest.xml:35:9-38:40
249            android:name="com.google.android.gms.measurement.AppMeasurementService"
249-->[com.google.android.gms:play-services-measurement:18.0.2] AndroidManifest.xml:36:13-84
250            android:enabled="true"
250-->[com.google.android.gms:play-services-measurement:18.0.2] AndroidManifest.xml:37:13-35
251            android:exported="false" />
251-->[com.google.android.gms:play-services-measurement:18.0.2] AndroidManifest.xml:38:13-37
252        <service
252-->[com.google.android.gms:play-services-measurement:18.0.2] AndroidManifest.xml:39:9-43:72
253            android:name="com.google.android.gms.measurement.AppMeasurementJobService"
253-->[com.google.android.gms:play-services-measurement:18.0.2] AndroidManifest.xml:40:13-87
254            android:enabled="true"
254-->[com.google.android.gms:play-services-measurement:18.0.2] AndroidManifest.xml:41:13-35
255            android:exported="false"
255-->[com.google.android.gms:play-services-measurement:18.0.2] AndroidManifest.xml:42:13-37
256            android:permission="android.permission.BIND_JOB_SERVICE" />